[INFO] Scanning for projects...
[INFO]                                                                         
[INFO] ------------------------------------------------------------------------
[INFO] Building javassist-instrument 1
[INFO] ------------------------------------------------------------------------
[INFO] 
[INFO] --- maven-resources-plugin:2.6:resources (default-resources) @ javassist-instrument ---
[WARNING] Using platform encoding (UTF-8 actually) to copy filtered resources, i.e. build is platform dependent!
[INFO] skip non existing resourceDirectory /home/peipei/RepoReaper/AssistInstrumentation/src/main/resources
[INFO] 
[INFO] --- maven-compiler-plugin:3.2:compile (default-compile) @ javassist-instrument ---
[INFO] Nothing to compile - all classes are up to date
[INFO] 
[INFO] --- maven-jar-plugin:2.4:jar (default) @ javassist-instrument ---
[INFO] Building jar: /home/peipei/RepoReaper/AssistInstrumentation/target/javassist-instrument-1.jar
[INFO] 
[INFO] --- maven-resources-plugin:2.6:testResources (default-testResources) @ javassist-instrument ---
[WARNING] Using platform encoding (UTF-8 actually) to copy filtered resources, i.e. build is platform dependent!
[INFO] skip non existing resourceDirectory /home/peipei/RepoReaper/AssistInstrumentation/src/test/resources
[INFO] 
[INFO] --- maven-compiler-plugin:3.2:testCompile (default-testCompile) @ javassist-instrument ---
[INFO] Nothing to compile - all classes are up to date
[INFO] 
[INFO] --- maven-surefire-plugin:2.14:test (default-test) @ javassist-instrument ---
[INFO] Surefire report directory: /home/peipei/RepoReaper/AssistInstrumentation/target/surefire-reports

-------------------------------------------------------
 T E S T S
-------------------------------------------------------
is Pattern modifiable: true
is Matcher modifiable: true
is String modifiable: true
SleepingClassFileTransformer
SleepingClassFileTransformer
SleepingClassFileTransformer
SleepingClassFileTransformer
SleepingClassFileTransformer
SleepingClassFileTransformer
SleepingClassFileTransformer
SleepingClassFileTransformer
SleepingClassFileTransformer
SleepingClassFileTransformer
RegexClassFileTransformer
SleepingClassFileTransformer
RegexClassFileTransformer
SleepingClassFileTransformer
RegexClassFileTransformer
SleepingClassFileTransformer
RegexClassFileTransformer
SleepingClassFileTransformer
RegexClassFileTransformer
SleepingClassFileTransformer
RegexClassFileTransformer
SleepingClassFileTransformer
RegexClassFileTransformer
SleepingClassFileTransformer
RegexClassFileTransformer
SleepingClassFileTransformer
RegexClassFileTransformer
SleepingClassFileTransformer
RegexClassFileTransformer
SleepingClassFileTransformer
RegexClassFileTransformer
SleepingClassFileTransformer
RegexClassFileTransformer
SleepingClassFileTransformer
RegexClassFileTransformer
SleepingClassFileTransformer
RegexClassFileTransformer
SleepingClassFileTransformer
RegexClassFileTransformer
SleepingClassFileTransformer
RegexClassFileTransformer
SleepingClassFileTransformer
RegexClassFileTransformer
SleepingClassFileTransformer
RegexClassFileTransformer
SleepingClassFileTransformer
RegexClassFileTransformer
SleepingClassFileTransformer
RegexClassFileTransformer
SleepingClassFileTransformer
RegexClassFileTransformer
SleepingClassFileTransformer
RegexClassFileTransformer
SleepingClassFileTransformer
RegexClassFileTransformer
SleepingClassFileTransformer
RegexClassFileTransformer
SleepingClassFileTransformer
RegexClassFileTransformer
SleepingClassFileTransformer
RegexClassFileTransformer
SleepingClassFileTransformer
RegexClassFileTransformer
SleepingClassFileTransformer
RegexClassFileTransformer
SleepingClassFileTransformer
RegexClassFileTransformer
SleepingClassFileTransformer
RegexClassFileTransformer
SleepingClassFileTransformer
RegexClassFileTransformer
SleepingClassFileTransformer
RegexClassFileTransformer
SleepingClassFileTransformer
RegexClassFileTransformer
SleepingClassFileTransformer
RegexClassFileTransformer
SleepingClassFileTransformer
RegexClassFileTransformer
SleepingClassFileTransformer
RegexClassFileTransformer
SleepingClassFileTransformer
RegexClassFileTransformer
SleepingClassFileTransformer
RegexClassFileTransformer
SleepingClassFileTransformer
RegexClassFileTransformer
SleepingClassFileTransformer
RegexClassFileTransformer
SleepingClassFileTransformer
RegexClassFileTransformer
SleepingClassFileTransformer
RegexClassFileTransformer
SleepingClassFileTransformer
RegexClassFileTransformer
SleepingClassFileTransformer
RegexClassFileTransformer
SleepingClassFileTransformer
RegexClassFileTransformer
SleepingClassFileTransformer
RegexClassFileTransformer
SleepingClassFileTransformer
RegexClassFileTransformer
SleepingClassFileTransformer
RegexClassFileTransformer
SleepingClassFileTransformer
RegexClassFileTransformer
SleepingClassFileTransformer
RegexClassFileTransformer
SleepingClassFileTransformer
RegexClassFileTransformer
SleepingClassFileTransformer
RegexClassFileTransformer
SleepingClassFileTransformer
RegexClassFileTransformer
SleepingClassFileTransformer
RegexClassFileTransformer
SleepingClassFileTransformer
RegexClassFileTransformer
SleepingClassFileTransformer
RegexClassFileTransformer
SleepingClassFileTransformer
RegexClassFileTransformer
SleepingClassFileTransformer
RegexClassFileTransformer
SleepingClassFileTransformer
RegexClassFileTransformer
SleepingClassFileTransformer
RegexClassFileTransformer
SleepingClassFileTransformer
RegexClassFileTransformer
SleepingClassFileTransformer
RegexClassFileTransformer
SleepingClassFileTransformer
RegexClassFileTransformer
SleepingClassFileTransformer
RegexClassFileTransformer
SleepingClassFileTransformer
RegexClassFileTransformer
SleepingClassFileTransformer
RegexClassFileTransformer
SleepingClassFileTransformer
RegexClassFileTransformer
SleepingClassFileTransformer
RegexClassFileTransformer
SleepingClassFileTransformer
RegexClassFileTransformer
SleepingClassFileTransformer
RegexClassFileTransformer
SleepingClassFileTransformer
RegexClassFileTransformer
SleepingClassFileTransformer
RegexClassFileTransformer
SleepingClassFileTransformer
RegexClassFileTransformer
SleepingClassFileTransformer
RegexClassFileTransformer
SleepingClassFileTransformer
RegexClassFileTransformer
SleepingClassFileTransformer
RegexClassFileTransformer
SleepingClassFileTransformer
RegexClassFileTransformer
SleepingClassFileTransformer
RegexClassFileTransformer
SleepingClassFileTransformer
RegexClassFileTransformer
SleepingClassFileTransformer
RegexClassFileTransformer
SleepingClassFileTransformer
RegexClassFileTransformer
SleepingClassFileTransformer
RegexClassFileTransformer
SleepingClassFileTransformer
RegexClassFileTransformer
SleepingClassFileTransformer
RegexClassFileTransformer
SleepingClassFileTransformer
RegexClassFileTransformer
SleepingClassFileTransformer
RegexClassFileTransformer
SleepingClassFileTransformer
RegexClassFileTransformer
SleepingClassFileTransformer
RegexClassFileTransformer
SleepingClassFileTransformer
RegexClassFileTransformer
SleepingClassFileTransformer
RegexClassFileTransformer
SleepingClassFileTransformer
RegexClassFileTransformer
SleepingClassFileTransformer
RegexClassFileTransformer
SleepingClassFileTransformer
RegexClassFileTransformer
SleepingClassFileTransformer
RegexClassFileTransformer
SleepingClassFileTransformer
RegexClassFileTransformer
SleepingClassFileTransformer
RegexClassFileTransformer
SleepingClassFileTransformer
RegexClassFileTransformer
SleepingClassFileTransformer
RegexClassFileTransformer
SleepingClassFileTransformer
RegexClassFileTransformer
SleepingClassFileTransformer
RegexClassFileTransformer
SleepingClassFileTransformer
RegexClassFileTransformer
SleepingClassFileTransformer
RegexClassFileTransformer
SleepingClassFileTransformer
RegexClassFileTransformer
SleepingClassFileTransformer
RegexClassFileTransformer
SleepingClassFileTransformer
RegexClassFileTransformer
SleepingClassFileTransformer
RegexClassFileTransformer
SleepingClassFileTransformer
RegexClassFileTransformer
SleepingClassFileTransformer
RegexClassFileTransformer
SleepingClassFileTransformer
RegexClassFileTransformer
SleepingClassFileTransformer
RegexClassFileTransformer
SleepingClassFileTransformer
RegexClassFileTransformer
SleepingClassFileTransformer
RegexClassFileTransformer
SleepingClassFileTransformer
RegexClassFileTransformer
SleepingClassFileTransformer
RegexClassFileTransformer
SleepingClassFileTransformer
RegexClassFileTransformer
SleepingClassFileTransformer
RegexClassFileTransformer
SleepingClassFileTransformer
RegexClassFileTransformer
SleepingClassFileTransformer
RegexClassFileTransformer
SleepingClassFileTransformer
RegexClassFileTransformer
SleepingClassFileTransformer
RegexClassFileTransformer
SleepingClassFileTransformer
RegexClassFileTransformer
SleepingClassFileTransformer
RegexClassFileTransformer
SleepingClassFileTransformer
RegexClassFileTransformer
SleepingClassFileTransformer
RegexClassFileTransformer
SleepingClassFileTransformer
RegexClassFileTransformer
SleepingClassFileTransformer
RegexClassFileTransformer
SleepingClassFileTransformer
RegexClassFileTransformer
SleepingClassFileTransformer
RegexClassFileTransformer
SleepingClassFileTransformer
RegexClassFileTransformer
SleepingClassFileTransformer
RegexClassFileTransformer
SleepingClassFileTransformer
RegexClassFileTransformer
SleepingClassFileTransformer
RegexClassFileTransformer
SleepingClassFileTransformer
RegexClassFileTransformer
SleepingClassFileTransformer
RegexClassFileTransformer
SleepingClassFileTransformer
RegexClassFileTransformer
SleepingClassFileTransformer
RegexClassFileTransformer
SleepingClassFileTransformer
RegexClassFileTransformer
SleepingClassFileTransformer
RegexClassFileTransformer
SleepingClassFileTransformer
RegexClassFileTransformer
SleepingClassFileTransformer
RegexClassFileTransformer
SleepingClassFileTransformer
RegexClassFileTransformer
SleepingClassFileTransformer
RegexClassFileTransformer
SleepingClassFileTransformer
RegexClassFileTransformer
SleepingClassFileTransformer
RegexClassFileTransformer
SleepingClassFileTransformer
RegexClassFileTransformer
SleepingClassFileTransformer
RegexClassFileTransformer
SleepingClassFileTransformer
RegexClassFileTransformer
SleepingClassFileTransformer
RegexClassFileTransformer
SleepingClassFileTransformer
RegexClassFileTransformer
SleepingClassFileTransformer
RegexClassFileTransformer
SleepingClassFileTransformer
RegexClassFileTransformer
SleepingClassFileTransformer
RegexClassFileTransformer
SleepingClassFileTransformer
RegexClassFileTransformer
SleepingClassFileTransformer
RegexClassFileTransformer
SleepingClassFileTransformer
RegexClassFileTransformer
SleepingClassFileTransformer
RegexClassFileTransformer
SleepingClassFileTransformer
RegexClassFileTransformer
SleepingClassFileTransformer
RegexClassFileTransformer
SleepingClassFileTransformer
RegexClassFileTransformer
SleepingClassFileTransformer
RegexClassFileTransformer
SleepingClassFileTransformer
RegexClassFileTransformer
SleepingClassFileTransformer
RegexClassFileTransformer
SleepingClassFileTransformer
RegexClassFileTransformer
SleepingClassFileTransformer
RegexClassFileTransformer
SleepingClassFileTransformer
RegexClassFileTransformer
SleepingClassFileTransformer
RegexClassFileTransformer
SleepingClassFileTransformer
RegexClassFileTransformer
SleepingClassFileTransformer
RegexClassFileTransformer
SleepingClassFileTransformer
RegexClassFileTransformer
SleepingClassFileTransformer
RegexClassFileTransformer
SleepingClassFileTransformer
RegexClassFileTransformer
SleepingClassFileTransformer
RegexClassFileTransformer
SleepingClassFileTransformer
RegexClassFileTransformer
SleepingClassFileTransformer
RegexClassFileTransformer
SleepingClassFileTransformer
RegexClassFileTransformer
SleepingClassFileTransformer
RegexClassFileTransformer
SleepingClassFileTransformer
RegexClassFileTransformer
SleepingClassFileTransformer
RegexClassFileTransformer
SleepingClassFileTransformer
RegexClassFileTransformer
SleepingClassFileTransformer
RegexClassFileTransformer
SleepingClassFileTransformer
RegexClassFileTransformer
SleepingClassFileTransformer
RegexClassFileTransformer
SleepingClassFileTransformer
RegexClassFileTransformer
SleepingClassFileTransformer
RegexClassFileTransformer
SleepingClassFileTransformer
RegexClassFileTransformer
SleepingClassFileTransformer
RegexClassFileTransformer
Running org.javabenchmark.instrumentation.TestExamples
SleepingClassFileTransformer
RegexClassFileTransformer
SleepingClassFileTransformer
RegexClassFileTransformer
SleepingClassFileTransformer
RegexClassFileTransformer
SleepingClassFileTransformer
RegexClassFileTransformer
SleepingClassFileTransformer
RegexClassFileTransformer
SleepingClassFileTransformer
RegexClassFileTransformer
SleepingClassFileTransformer
RegexClassFileTransformer
SleepingClassFileTransformer
RegexClassFileTransformer
SleepingClassFileTransformer
RegexClassFileTransformer
SleepingClassFileTransformer
RegexClassFileTransformer
SleepingClassFileTransformer
RegexClassFileTransformer
SleepingClassFileTransformer
RegexClassFileTransformer
SleepingClassFileTransformer
RegexClassFileTransformer
SleepingClassFileTransformer
RegexClassFileTransformer
SleepingClassFileTransformer
RegexClassFileTransformer
SleepingClassFileTransformer
RegexClassFileTransformer
SleepingClassFileTransformer
RegexClassFileTransformer
SleepingClassFileTransformer
RegexClassFileTransformer
SleepingClassFileTransformer
RegexClassFileTransformer
SleepingClassFileTransformer
RegexClassFileTransformer
SleepingClassFileTransformer
RegexClassFileTransformer
SleepingClassFileTransformer
RegexClassFileTransformer
SleepingClassFileTransformer
RegexClassFileTransformer
SleepingClassFileTransformer
RegexClassFileTransformer
SleepingClassFileTransformer
RegexClassFileTransformer
SleepingClassFileTransformer
RegexClassFileTransformer
SleepingClassFileTransformer
RegexClassFileTransformer
SleepingClassFileTransformer
RegexClassFileTransformer
SleepingClassFileTransformer
RegexClassFileTransformer
SleepingClassFileTransformer
RegexClassFileTransformer
SleepingClassFileTransformer
RegexClassFileTransformer
SleepingClassFileTransformer
RegexClassFileTransformer
SleepingClassFileTransformer
RegexClassFileTransformer
SleepingClassFileTransformer
RegexClassFileTransformer
SleepingClassFileTransformer
RegexClassFileTransformer
SleepingClassFileTransformer
RegexClassFileTransformer
SleepingClassFileTransformer
RegexClassFileTransformer
SleepingClassFileTransformer
RegexClassFileTransformer
SleepingClassFileTransformer
RegexClassFileTransformer
SleepingClassFileTransformer
RegexClassFileTransformer
SleepingClassFileTransformer
RegexClassFileTransformer
SleepingClassFileTransformer
RegexClassFileTransformer
SleepingClassFileTransformer
RegexClassFileTransformer
SleepingClassFileTransformer
RegexClassFileTransformer
SleepingClassFileTransformer
RegexClassFileTransformer
SleepingClassFileTransformer
RegexClassFileTransformer
SleepingClassFileTransformer
RegexClassFileTransformer
SleepingClassFileTransformer
RegexClassFileTransformer
SleepingClassFileTransformer
RegexClassFileTransformer
SleepingClassFileTransformer
RegexClassFileTransformer
SleepingClassFileTransformer
RegexClassFileTransformer
SleepingClassFileTransformer
RegexClassFileTransformer
SleepingClassFileTransformer
RegexClassFileTransformer
SleepingClassFileTransformer
RegexClassFileTransformer
SleepingClassFileTransformer
RegexClassFileTransformer
SleepingClassFileTransformer
RegexClassFileTransformer
SleepingClassFileTransformer
RegexClassFileTransformer
SleepingClassFileTransformer
RegexClassFileTransformer
SleepingClassFileTransformer
RegexClassFileTransformer
SleepingClassFileTransformer
RegexClassFileTransformer
SleepingClassFileTransformer
RegexClassFileTransformer
SleepingClassFileTransformer
RegexClassFileTransformer
SleepingClassFileTransformer
RegexClassFileTransformer
SleepingClassFileTransformer
RegexClassFileTransformer
SleepingClassFileTransformer
RegexClassFileTransformer
SleepingClassFileTransformer
RegexClassFileTransformer
SleepingClassFileTransformer
RegexClassFileTransformer
SleepingClassFileTransformer
RegexClassFileTransformer
SleepingClassFileTransformer
RegexClassFileTransformer
SleepingClassFileTransformer
RegexClassFileTransformer
SleepingClassFileTransformer
RegexClassFileTransformer
SleepingClassFileTransformer
RegexClassFileTransformer
SleepingClassFileTransformer
RegexClassFileTransformer
SleepingClassFileTransformer
RegexClassFileTransformer
SleepingClassFileTransformer
RegexClassFileTransformer
SleepingClassFileTransformer
RegexClassFileTransformer
SleepingClassFileTransformer
RegexClassFileTransformer
SleepingClassFileTransformer
RegexClassFileTransformer
SleepingClassFileTransformer
RegexClassFileTransformer
SleepingClassFileTransformer
RegexClassFileTransformer
SleepingClassFileTransformer
RegexClassFileTransformer
SleepingClassFileTransformer
RegexClassFileTransformer
SleepingClassFileTransformer
RegexClassFileTransformer
SleepingClassFileTransformer
RegexClassFileTransformer
SleepingClassFileTransformer
RegexClassFileTransformer
SleepingClassFileTransformer
RegexClassFileTransformer
SleepingClassFileTransformer
RegexClassFileTransformer
SleepingClassFileTransformer
RegexClassFileTransformer
SleepingClassFileTransformer
RegexClassFileTransformer
SleepingClassFileTransformer
RegexClassFileTransformer
SleepingClassFileTransformer
RegexClassFileTransformer
SleepingClassFileTransformer
RegexClassFileTransformer
SleepingClassFileTransformer
RegexClassFileTransformer
SleepingClassFileTransformer
RegexClassFileTransformer
SleepingClassFileTransformer
RegexClassFileTransformer
SleepingClassFileTransformer
RegexClassFileTransformer
SleepingClassFileTransformer
RegexClassFileTransformer
SleepingClassFileTransformer
RegexClassFileTransformer
SleepingClassFileTransformer
RegexClassFileTransformer
SleepingClassFileTransformer
RegexClassFileTransformer
SleepingClassFileTransformer
RegexClassFileTransformer
SleepingClassFileTransformer
RegexClassFileTransformer
SleepingClassFileTransformer
RegexClassFileTransformer
SleepingClassFileTransformer
RegexClassFileTransformer
SleepingClassFileTransformer
RegexClassFileTransformer
SleepingClassFileTransformer
RegexClassFileTransformer
SleepingClassFileTransformer
RegexClassFileTransformer
SleepingClassFileTransformer
RegexClassFileTransformer
SleepingClassFileTransformer
RegexClassFileTransformer
SleepingClassFileTransformer
RegexClassFileTransformer
SleepingClassFileTransformer
RegexClassFileTransformer
SleepingClassFileTransformer
RegexClassFileTransformer
SleepingClassFileTransformer
RegexClassFileTransformer
split.length = 5
element = A 
element =  Text 
element =  With 
element =  Many 
element =  Separators
matches = true
replaceAll   = Joe Blocks about this, and Joe Blocks writes about that, and Joe Blocks writes about everything.
replaceFirst = Joe Blocks about this, and John Doe writes about that, and John Wayne writes about everything.
Found good SSN: 123-45-6789
Found good SSN: 192-83-7465
java.util.regex.Matcher[pattern=is region=0,74 lastmatch=is]
is
java.util.regex.Matcher[pattern=is region=0,74 lastmatch=is]
is
java.util.regex.Matcher[pattern=is region=0,74 lastmatch=]
found: John
found: John
found: John
found: John writes
found: John Doe
found: John Wayne
Joe Blocks 
Joe Blocks about this, and Joe Blocks 
Joe Blocks about this, and Joe Blocks writes about that, and Joe Blocks 
Joe Blocks about this, and Joe Blocks writes about that, and Joe Blocks writes about everything.
Return Value :
Welcome
to
Tutorialspoint.com
Welcome
to-Tutorialspoint.com

Return Value :
Welcome
to
Tutorialspoint.com

Return Value :
Welcome
to
Tutorialspoint.com

matches = true
found: <John writes> <John> <writes>
found: <John Doe> <John> <Doe>
found: <John Wayne> <John> <Wayne>
lookingAt = true
matches   = false
.*http://.*
java.util.regex.Matcher[pattern=.*http://.* region=0,71 lastmatch=This is the text to be searched for occurrences of the http:// pattern.]
This is the text to be searched for occurrences of the http:// pattern.

Regex: (.*)quick brown fox(.*) true
Regex: (.*)quick brown wolf(.*) false

Regex: (.*)String(.*) matches string? true
Regex: (.*)Strings(.*) matches string? false
Regex: (.*)Methods matches string? true
SleepingClassFileTransformer
RegexClassFileTransformer
Return Value :AMROOD
Return Value :AMROOD
Return Value :SleepingClassFileTransformer
RegexClassFileTransformer
Welcome to AMROODpoint.com
Tests run: 16, Failures: 0, Errors: 0, Skipped: 0, Time elapsed: 0.054 sec
Running org.javabenchmark.instrumentation.TestExample1
dkoe
Tests run: 1, Failures: 0, Errors: 0, Skipped: 0, Time elapsed: 0 sec
Running org.javabenchmark.instrumentation.AgentTest
SleepingClassFileTransformer
RegexClassFileTransformer
Sleeping for 966 ms ..
Method Executed in ms: 967
Tests run: 1, Failures: 0, Errors: 0, Skipped: 0, Time elapsed: 1.035 sec
SleepingClassFileTransformer
RegexClassFileTransformer
SleepingClassFileTransformer
RegexClassFileTransformer
SleepingClassFileTransformer
RegexClassFileTransformer
SleepingClassFileTransformer
RegexClassFileTransformer

Results :

Tests run: 18, Failures: 0, Errors: 0, Skipped: 0

[INFO] ------------------------------------------------------------------------
[INFO] BUILD SUCCESS
[INFO] ------------------------------------------------------------------------
[INFO] Total time: 2.310 s
[INFO] Finished at: 2017-10-08T22:46:32-04:00
[INFO] Final Memory: 12M/302M
[INFO] ------------------------------------------------------------------------
